<?xml version="1.0" encoding="UTF-8"?>
<!-- Generated by org.testng.reporters.JUnitReportReporter -->
<testsuite hostname="ACRODSKAT41" failures="1" tests="27" name="smoke_MasterModuleTestCases.Labor_Category_New" time="69.932" errors="0" timestamp="2024-10-21T17:10:22 IST" skipped="5">
  <testcase classname="smoke_MasterModuleTestCases.Labor_Category_New" name="testLogin" time="9.001"/>
  <testcase classname="smoke_MasterModuleTestCases.Labor_Category_New" name="testRedirectionToListScreen" time="1.575"/>
  <testcase classname="smoke_MasterModuleTestCases.Labor_Category_New" name="testNewLaborCategoryButton" time="0.061"/>
  <testcase classname="smoke_MasterModuleTestCases.Labor_Category_New" name="enterBusinessUnitValue" time="50.036"/>
  <testcase classname="smoke_MasterModuleTestCases.Labor_Category_New" name="enterLaborCategoryValue" time="0.144"/>
  <testcase classname="smoke_MasterModuleTestCases.Labor_Category_New" name="enterMspProgramManagerValue" time="0.173"/>
  <testcase classname="smoke_MasterModuleTestCases.Labor_Category_New" name="enterLaborCategoryTypeValue" time="0.180"/>
  <testcase classname="smoke_MasterModuleTestCases.Labor_Category_New" name="clickAlternatePricingModelConfigurationToggle" time="0.051"/>
  <testcase classname="smoke_MasterModuleTestCases.Labor_Category_New" name="clickBillRateBasedRadioButton" time="7.277"/>
  <testcase classname="smoke_MasterModuleTestCases.Labor_Category_New" name="clickMarkupBasedRadioButton" time="0.060"/>
  <testcase classname="smoke_MasterModuleTestCases.Labor_Category_New" name="clickNteRadioButton" time="0.059"/>
  <testcase classname="smoke_MasterModuleTestCases.Labor_Category_New" name="clickTargetRadioButton" time="0.055"/>
  <testcase classname="smoke_MasterModuleTestCases.Labor_Category_New" name="clickPeriodOfPerformanceRadioButton" time="0.058"/>
  <testcase classname="smoke_MasterModuleTestCases.Labor_Category_New" name="clickBudgetedHoursRadioButton" time="0.056"/>
  <testcase classname="smoke_MasterModuleTestCases.Labor_Category_New" name="enterOtDtRatesCalculationMethodValue" time="0.169"/>
  <testcase classname="smoke_MasterModuleTestCases.Labor_Category_New" name="testClickSaveButton" time="0.056"/>
  <testcase classname="smoke_MasterModuleTestCases.Labor_Category_New" name="testToastMessageVerification" time="0.091">
    <failure message="The toast success message did not match the expected value. expected [Labor Category has been saved successfully.] but found [This Labor Category already exists.]" type="java.lang.AssertionError">
      <![CDATA[java.lang.AssertionError: The toast success message did not match the expected value. expected [Labor Category has been saved successfully.] but found [This Labor Category already exists.]
at org.testng.Assert.fail(Assert.java:111)
at org.testng.Assert.failNotEquals(Assert.java:1578)
at org.testng.Assert.assertEqualsImpl(Assert.java:150)
at org.testng.Assert.assertEquals(Assert.java:132)
at org.testng.Assert.assertEquals(Assert.java:656)
at smoke_MasterModuleTestCases.Labor_Category_New.testToastMessageVerification(Labor_Category_New.java:382)
at java.base/jdk.internal.reflect.DirectMethodHandleAccessor.invoke(DirectMethodHandleAccessor.java:103)
at java.base/java.lang.reflect.Method.invoke(Method.java:580)
at org.testng.internal.invokers.MethodInvocationHelper.invokeMethod(MethodInvocationHelper.java:139)
at org.testng.internal.invokers.TestInvoker.invokeMethod(TestInvoker.java:664)
at org.testng.internal.invokers.TestInvoker.invokeTestMethod(TestInvoker.java:228)
at org.testng.internal.invokers.MethodRunner.runInSequence(MethodRunner.java:63)
at org.testng.internal.invokers.TestInvoker$MethodInvocationAgent.invoke(TestInvoker.java:961)
at org.testng.internal.invokers.TestInvoker.invokeTestMethods(TestInvoker.java:201)
at org.testng.internal.invokers.TestMethodWorker.invokeTestMethods(TestMethodWorker.java:148)
at org.testng.internal.invokers.TestMethodWorker.run(TestMethodWorker.java:128)
at java.base/java.util.ArrayList.forEach(ArrayList.java:1596)
at org.testng.TestRunner.privateRun(TestRunner.java:819)
at org.testng.TestRunner.run(TestRunner.java:619)
at org.testng.SuiteRunner.runTest(SuiteRunner.java:443)
at org.testng.SuiteRunner.runSequentially(SuiteRunner.java:437)
at org.testng.SuiteRunner.privateRun(SuiteRunner.java:397)
at org.testng.SuiteRunner.run(SuiteRunner.java:336)
at org.testng.SuiteRunnerWorker.runSuite(SuiteRunnerWorker.java:52)
at org.testng.SuiteRunnerWorker.run(SuiteRunnerWorker.java:95)
at org.testng.TestNG.runSuitesSequentially(TestNG.java:1301)
at org.testng.TestNG.runSuitesLocally(TestNG.java:1228)
at org.testng.TestNG.runSuites(TestNG.java:1134)
at org.testng.TestNG.run(TestNG.java:1101)
at org.testng.remote.AbstractRemoteTestNG.run(AbstractRemoteTestNG.java:115)
at org.testng.remote.RemoteTestNG.initAndRun(RemoteTestNG.java:293)
at org.testng.remote.RemoteTestNG.main(RemoteTestNG.java:91)
]]>
    </failure>
  </testcase> <!-- testToastMessageVerification -->
  <testcase classname="smoke_MasterModuleTestCases.Labor_Category_New" name="testSearchForRecord" time="0.758"/>
  <testcase classname="smoke_MasterModuleTestCases.Labor_Category_New" name="verifyBusinessUnitFieldValue" time="0.018"/>
  <testcase classname="smoke_MasterModuleTestCases.Labor_Category_New" name="verifyLaborCategoryFieldValue" time="0.022"/>
  <testcase classname="smoke_MasterModuleTestCases.Labor_Category_New" name="verifyMspProgramManagerFieldValue" time="0.016"/>
  <testcase classname="smoke_MasterModuleTestCases.Labor_Category_New" name="verifyLaborCategoryTypeFieldValue" time="0.016"/>
  <testcase classname="smoke_MasterModuleTestCases.Labor_Category_New" name="verifyOtDtRatesCalculationMethodValue">
    <skipped/>
  </testcase> <!-- verifyOtDtRatesCalculationMethodValue -->
  <testcase classname="smoke_MasterModuleTestCases.Labor_Category_New" name="verifyAlternatePricingModelConfigurationValue">
    <skipped/>
  </testcase> <!-- verifyAlternatePricingModelConfigurationValue -->
  <testcase classname="smoke_MasterModuleTestCases.Labor_Category_New" name="verifyBillRateValidationValue">
    <skipped/>
  </testcase> <!-- verifyBillRateValidationValue -->
  <testcase classname="smoke_MasterModuleTestCases.Labor_Category_New" name="verifyPricingModelValue">
    <skipped/>
  </testcase> <!-- verifyPricingModelValue -->
  <testcase classname="smoke_MasterModuleTestCases.Labor_Category_New" name="verifyCostEstimatingTypeValue">
    <skipped/>
  </testcase> <!-- verifyCostEstimatingTypeValue -->
</testsuite> <!-- smoke_MasterModuleTestCases.Labor_Category_New -->
