<html>
<head>
<title>TestNG:  Test</title>
<link href="../testng.css" rel="stylesheet" type="text/css" />
<link href="../my-testng.css" rel="stylesheet" type="text/css" />

<style type="text/css">
.log { display: none;} 
.stack-trace { display: none;} 
</style>
<script type="text/javascript">
<!--
function flip(e) {
  current = e.style.display;
  if (current == 'block') {
    e.style.display = 'none';
    return 0;
  }
  else {
    e.style.display = 'block';
    return 1;
  }
}

function toggleBox(szDivId, elem, msg1, msg2)
{
  var res = -1;  if (document.getElementById) {
    res = flip(document.getElementById(szDivId));
  }
  else if (document.all) {
    // this is the way old msie versions work
    res = flip(document.all[szDivId]);
  }
  if(elem) {
    if(res == 0) elem.innerHTML = msg1; else elem.innerHTML = msg2;
  }

}

function toggleAllBoxes() {
  if (document.getElementsByTagName) {
    d = document.getElementsByTagName('div');
    for (i = 0; i < d.length; i++) {
      if (d[i].className == 'log') {
        flip(d[i]);
      }
    }
  }
}

// -->
</script>

</head>
<body>
<h2 align='center'>Test</h2><table border='1' align="center">
<tr>
<td>Tests passed/Failed/Skipped:</td><td>9/3/1</td>
</tr><tr>
<td>Started on:</td><td>Mon Nov 04 17:17:45 IST 2024</td>
</tr>
<tr><td>Total time:</td><td>5 seconds (5066 ms)</td>
</tr><tr>
<td>Included groups:</td><td></td>
</tr><tr>
<td>Excluded groups:</td><td></td>
</tr>
</table><p/>
<small><i>(Hover the method name to see the test class name)</i></small><p/>
<table width='100%' border='1' class='invocation-failed'>
<tr><td colspan='4' align='center'><b>FAILED TESTS</b></td></tr>
<tr><td><b>Test method</b></td>
<td><b>Attribute(s)</b></td>
<td width="30%"><b>Exception</b></td>
<td width="10%"><b>Time (seconds)</b></td>
<td><b>Instance</b></td>
</tr>
<tr>
<td title='smoke_MasterModuleTestCases.Expense_Type.testRedirectionToListScreen()'><b>testRedirectionToListScreen</b><br>Test class: smoke_MasterModuleTestCases.Expense_Type</td>
<td><div><pre>java.lang.AssertionError: User has not been navigated to the desired list screen successfully. expected [] but found [data:,]
	at smoke_MasterModuleTestCases.Expense_Type.testRedirectionToListScreen(Expense_Type.java:112)
	at java.base/java.util.ArrayList.forEach(ArrayList.java:1596)
... Removed 30 stack frames</pre></div><a href='#' onClick='toggleBox("stack-trace1232631679", this, "Click to show all stack frames", "Click to hide stack frames")'>Click to show all stack frames</a>
<div class='stack-trace' id='stack-trace1232631679'><pre>java.lang.AssertionError: User has not been navigated to the desired list screen successfully. expected [] but found [data:,]
	at org.testng.Assert.fail(Assert.java:111)
	at org.testng.Assert.failNotEquals(Assert.java:1578)
	at org.testng.Assert.assertEqualsImpl(Assert.java:150)
	at org.testng.Assert.assertEquals(Assert.java:132)
	at org.testng.Assert.assertEquals(Assert.java:656)
	at smoke_MasterModuleTestCases.Expense_Type.testRedirectionToListScreen(Expense_Type.java:112)
	at java.base/jdk.internal.reflect.DirectMethodHandleAccessor.invoke(DirectMethodHandleAccessor.java:103)
	at java.base/java.lang.reflect.Method.invoke(Method.java:580)
	at org.testng.internal.invokers.MethodInvocationHelper.invokeMethod(MethodInvocationHelper.java:141)
	at org.testng.internal.invokers.TestInvoker.invokeMethod(TestInvoker.java:686)
	at org.testng.internal.invokers.TestInvoker.invokeTestMethod(TestInvoker.java:230)
	at org.testng.internal.invokers.MethodRunner.runInSequence(MethodRunner.java:63)
	at org.testng.internal.invokers.TestInvoker$MethodInvocationAgent.invoke(TestInvoker.java:992)
	at org.testng.internal.invokers.TestInvoker.invokeTestMethods(TestInvoker.java:203)
	at org.testng.internal.invokers.TestMethodWorker.invokeTestMethods(TestMethodWorker.java:154)
	at org.testng.internal.invokers.TestMethodWorker.run(TestMethodWorker.java:134)
	at java.base/java.util.ArrayList.forEach(ArrayList.java:1596)
	at org.testng.TestRunner.privateRun(TestRunner.java:739)
	at org.testng.TestRunner.run(TestRunner.java:614)
	at org.testng.SuiteRunner.runTest(SuiteRunner.java:421)
	at org.testng.SuiteRunner.runSequentially(SuiteRunner.java:413)
	at org.testng.SuiteRunner.privateRun(SuiteRunner.java:373)
	at org.testng.SuiteRunner.run(SuiteRunner.java:312)
	at org.testng.SuiteRunnerWorker.runSuite(SuiteRunnerWorker.java:52)
	at org.testng.SuiteRunnerWorker.run(SuiteRunnerWorker.java:95)
	at org.testng.TestNG.runSuitesSequentially(TestNG.java:1274)
	at org.testng.TestNG.runSuitesLocally(TestNG.java:1208)
	at org.testng.TestNG.runSuites(TestNG.java:1112)
	at org.testng.TestNG.run(TestNG.java:1079)
	at org.testng.remote.AbstractRemoteTestNG.run(AbstractRemoteTestNG.java:115)
	at org.testng.remote.RemoteTestNG.initAndRun(RemoteTestNG.java:293)
	at org.testng.remote.RemoteTestNG.main(RemoteTestNG.java:91)
</pre></div></td>
<td>0</td>
<td>smoke_MasterModuleTestCases.Expense_Type@5505ae1a</td></tr>
<tr>
<td title='smoke_MasterModuleTestCases.Expense_Type.testLogin()'><b>testLogin</b><br>Test class: smoke_MasterModuleTestCases.Expense_Type</td>
<td><div><pre>java.lang.IllegalArgumentException: UserID cannot be null or empty.
	at projectUtilities.CommonUtils.login(CommonUtils.java:70)
	at smoke_MasterModuleTestCases.Expense_Type.testLogin(Expense_Type.java:72)
	at java.base/java.util.ArrayList.forEach(ArrayList.java:1596)
... Removed 25 stack frames</pre></div><a href='#' onClick='toggleBox("stack-trace512029640", this, "Click to show all stack frames", "Click to hide stack frames")'>Click to show all stack frames</a>
<div class='stack-trace' id='stack-trace512029640'><pre>java.lang.IllegalArgumentException: UserID cannot be null or empty.
	at projectUtilities.CommonUtils.login(CommonUtils.java:70)
	at smoke_MasterModuleTestCases.Expense_Type.testLogin(Expense_Type.java:72)
	at java.base/jdk.internal.reflect.DirectMethodHandleAccessor.invoke(DirectMethodHandleAccessor.java:103)
	at java.base/java.lang.reflect.Method.invoke(Method.java:580)
	at org.testng.internal.invokers.MethodInvocationHelper.invokeMethod(MethodInvocationHelper.java:141)
	at org.testng.internal.invokers.TestInvoker.invokeMethod(TestInvoker.java:686)
	at org.testng.internal.invokers.TestInvoker.invokeTestMethod(TestInvoker.java:230)
	at org.testng.internal.invokers.MethodRunner.runInSequence(MethodRunner.java:63)
	at org.testng.internal.invokers.TestInvoker$MethodInvocationAgent.invoke(TestInvoker.java:992)
	at org.testng.internal.invokers.TestInvoker.invokeTestMethods(TestInvoker.java:203)
	at org.testng.internal.invokers.TestMethodWorker.invokeTestMethods(TestMethodWorker.java:154)
	at org.testng.internal.invokers.TestMethodWorker.run(TestMethodWorker.java:134)
	at java.base/java.util.ArrayList.forEach(ArrayList.java:1596)
	at org.testng.TestRunner.privateRun(TestRunner.java:739)
	at org.testng.TestRunner.run(TestRunner.java:614)
	at org.testng.SuiteRunner.runTest(SuiteRunner.java:421)
	at org.testng.SuiteRunner.runSequentially(SuiteRunner.java:413)
	at org.testng.SuiteRunner.privateRun(SuiteRunner.java:373)
	at org.testng.SuiteRunner.run(SuiteRunner.java:312)
	at org.testng.SuiteRunnerWorker.runSuite(SuiteRunnerWorker.java:52)
	at org.testng.SuiteRunnerWorker.run(SuiteRunnerWorker.java:95)
	at org.testng.TestNG.runSuitesSequentially(TestNG.java:1274)
	at org.testng.TestNG.runSuitesLocally(TestNG.java:1208)
	at org.testng.TestNG.runSuites(TestNG.java:1112)
	at org.testng.TestNG.run(TestNG.java:1079)
	at org.testng.remote.AbstractRemoteTestNG.run(AbstractRemoteTestNG.java:115)
	at org.testng.remote.RemoteTestNG.initAndRun(RemoteTestNG.java:293)
	at org.testng.remote.RemoteTestNG.main(RemoteTestNG.java:91)
</pre></div></td>
<td>0</td>
<td>smoke_MasterModuleTestCases.Expense_Type@5505ae1a</td></tr>
<tr>
<td title='smoke_MasterModuleTestCases.Expense_Type.testToastMessageVerification()'><b>testToastMessageVerification</b><br>Test class: smoke_MasterModuleTestCases.Expense_Type</td>
<td><div><pre>java.lang.IllegalArgumentException: Locator not found in the map or is blank for key: toast
	at projectUtilities.CommonUtils.getValidationMessageFromFieldOrToast(CommonUtils.java:594)
	at smoke_MasterModuleTestCases.Expense_Type.testToastMessageVerification(Expense_Type.java:282)
	at java.base/java.util.ArrayList.forEach(ArrayList.java:1596)
... Removed 25 stack frames</pre></div><a href='#' onClick='toggleBox("stack-trace686904524", this, "Click to show all stack frames", "Click to hide stack frames")'>Click to show all stack frames</a>
<div class='stack-trace' id='stack-trace686904524'><pre>java.lang.IllegalArgumentException: Locator not found in the map or is blank for key: toast
	at projectUtilities.CommonUtils.getValidationMessageFromFieldOrToast(CommonUtils.java:594)
	at smoke_MasterModuleTestCases.Expense_Type.testToastMessageVerification(Expense_Type.java:282)
	at java.base/jdk.internal.reflect.DirectMethodHandleAccessor.invoke(DirectMethodHandleAccessor.java:103)
	at java.base/java.lang.reflect.Method.invoke(Method.java:580)
	at org.testng.internal.invokers.MethodInvocationHelper.invokeMethod(MethodInvocationHelper.java:141)
	at org.testng.internal.invokers.TestInvoker.invokeMethod(TestInvoker.java:686)
	at org.testng.internal.invokers.TestInvoker.invokeTestMethod(TestInvoker.java:230)
	at org.testng.internal.invokers.MethodRunner.runInSequence(MethodRunner.java:63)
	at org.testng.internal.invokers.TestInvoker$MethodInvocationAgent.invoke(TestInvoker.java:992)
	at org.testng.internal.invokers.TestInvoker.invokeTestMethods(TestInvoker.java:203)
	at org.testng.internal.invokers.TestMethodWorker.invokeTestMethods(TestMethodWorker.java:154)
	at org.testng.internal.invokers.TestMethodWorker.run(TestMethodWorker.java:134)
	at java.base/java.util.ArrayList.forEach(ArrayList.java:1596)
	at org.testng.TestRunner.privateRun(TestRunner.java:739)
	at org.testng.TestRunner.run(TestRunner.java:614)
	at org.testng.SuiteRunner.runTest(SuiteRunner.java:421)
	at org.testng.SuiteRunner.runSequentially(SuiteRunner.java:413)
	at org.testng.SuiteRunner.privateRun(SuiteRunner.java:373)
	at org.testng.SuiteRunner.run(SuiteRunner.java:312)
	at org.testng.SuiteRunnerWorker.runSuite(SuiteRunnerWorker.java:52)
	at org.testng.SuiteRunnerWorker.run(SuiteRunnerWorker.java:95)
	at org.testng.TestNG.runSuitesSequentially(TestNG.java:1274)
	at org.testng.TestNG.runSuitesLocally(TestNG.java:1208)
	at org.testng.TestNG.runSuites(TestNG.java:1112)
	at org.testng.TestNG.run(TestNG.java:1079)
	at org.testng.remote.AbstractRemoteTestNG.run(AbstractRemoteTestNG.java:115)
	at org.testng.remote.RemoteTestNG.initAndRun(RemoteTestNG.java:293)
	at org.testng.remote.RemoteTestNG.main(RemoteTestNG.java:91)
</pre></div></td>
<td>0</td>
<td>smoke_MasterModuleTestCases.Expense_Type@5505ae1a</td></tr>
</table><p>
<table width='100%' border='1' class='invocation-passed'>
<tr><td colspan='4' align='center'><b>PASSED TESTS</b></td></tr>
<tr><td><b>Test method</b></td>
<td><b>Attribute(s)</b></td>
<td width="30%"><b>Exception</b></td>
<td width="10%"><b>Time (seconds)</b></td>
<td><b>Instance</b></td>
</tr>
<tr>
<td title='smoke_MasterModuleTestCases.Expense_Type.testAvailableToWorkerToggle()'><b>testAvailableToWorkerToggle</b><br>Test class: smoke_MasterModuleTestCases.Expense_Type</td>
<td></td>
<td>0</td>
<td>smoke_MasterModuleTestCases.Expense_Type@5505ae1a</td></tr>
<tr>
<td title='smoke_MasterModuleTestCases.Expense_Type.testSectorDropdown()'><b>testSectorDropdown</b><br>Test class: smoke_MasterModuleTestCases.Expense_Type</td>
<td></td>
<td>0</td>
<td>smoke_MasterModuleTestCases.Expense_Type@5505ae1a</td></tr>
<tr>
<td title='smoke_MasterModuleTestCases.Expense_Type.testAccountingExpenseCodeTextbox()'><b>testAccountingExpenseCodeTextbox</b><br>Test class: smoke_MasterModuleTestCases.Expense_Type</td>
<td></td>
<td>0</td>
<td>smoke_MasterModuleTestCases.Expense_Type@5505ae1a</td></tr>
<tr>
<td title='smoke_MasterModuleTestCases.Expense_Type.testNatureOfExpenseDropdown()'><b>testNatureOfExpenseDropdown</b><br>Test class: smoke_MasterModuleTestCases.Expense_Type</td>
<td></td>
<td>0</td>
<td>smoke_MasterModuleTestCases.Expense_Type@5505ae1a</td></tr>
<tr>
<td title='smoke_MasterModuleTestCases.Expense_Type.testClickSaveButton()'><b>testClickSaveButton</b><br>Test class: smoke_MasterModuleTestCases.Expense_Type</td>
<td></td>
<td>0</td>
<td>smoke_MasterModuleTestCases.Expense_Type@5505ae1a</td></tr>
<tr>
<td title='smoke_MasterModuleTestCases.Expense_Type.testDescriptionTextbox()'><b>testDescriptionTextbox</b><br>Test class: smoke_MasterModuleTestCases.Expense_Type</td>
<td></td>
<td>0</td>
<td>smoke_MasterModuleTestCases.Expense_Type@5505ae1a</td></tr>
<tr>
<td title='smoke_MasterModuleTestCases.Expense_Type.testNewExpenseTypeButton()'><b>testNewExpenseTypeButton</b><br>Test class: smoke_MasterModuleTestCases.Expense_Type</td>
<td></td>
<td>0</td>
<td>smoke_MasterModuleTestCases.Expense_Type@5505ae1a</td></tr>
<tr>
<td title='smoke_MasterModuleTestCases.Expense_Type.testExpenseTypeTextbox()'><b>testExpenseTypeTextbox</b><br>Test class: smoke_MasterModuleTestCases.Expense_Type</td>
<td></td>
<td>0</td>
<td>smoke_MasterModuleTestCases.Expense_Type@5505ae1a</td></tr>
<tr>
<td title='smoke_MasterModuleTestCases.Expense_Type.testAmountToBeEnteredWithMspFeeToggle()'><b>testAmountToBeEnteredWithMspFeeToggle</b><br>Test class: smoke_MasterModuleTestCases.Expense_Type</td>
<td></td>
<td>0</td>
<td>smoke_MasterModuleTestCases.Expense_Type@5505ae1a</td></tr>
</table><p>
<table width='100%' border='1' class='invocation-skipped'>
<tr><td colspan='4' align='center'><b>SKIPPED TESTS</b></td></tr>
<tr><td><b>Test method</b></td>
<td><b>Attribute(s)</b></td>
<td width="30%"><b>Exception</b></td>
<td width="10%"><b>Time (seconds)</b></td>
<td><b>Instance</b></td>
</tr>
<tr>
<td title='smoke_MasterModuleTestCases.Expense_Type.testNavigationToHomeScreen()'><b>testNavigationToHomeScreen</b><br>Test class: smoke_MasterModuleTestCases.Expense_Type</td>
<td><div><pre>java.lang.Throwable: Method smoke_MasterModuleTestCases.Expense_Type.testNavigationToHomeScreen() on instance smoke_MasterModuleTestCases.Expense_Type@5505ae1a depends on not successfully finished methods 
[smoke_MasterModuleTestCases.Expense_Type.testLogin() on instance smoke_MasterModuleTestCases.Expense_Type@5505ae1a]
	at java.base/java.util.ArrayList.forEach(ArrayList.java:1596)
... Removed 18 stack frames</pre></div><a href='#' onClick='toggleBox("stack-trace857245202", this, "Click to show all stack frames", "Click to hide stack frames")'>Click to show all stack frames</a>
<div class='stack-trace' id='stack-trace857245202'><pre>java.lang.Throwable: Method smoke_MasterModuleTestCases.Expense_Type.testNavigationToHomeScreen() on instance smoke_MasterModuleTestCases.Expense_Type@5505ae1a depends on not successfully finished methods 
[smoke_MasterModuleTestCases.Expense_Type.testLogin() on instance smoke_MasterModuleTestCases.Expense_Type@5505ae1a]
	at org.testng.internal.invokers.TestInvoker.invokeTestMethods(TestInvoker.java:159)
	at org.testng.internal.invokers.TestMethodWorker.invokeTestMethods(TestMethodWorker.java:154)
	at org.testng.internal.invokers.TestMethodWorker.run(TestMethodWorker.java:134)
	at java.base/java.util.ArrayList.forEach(ArrayList.java:1596)
	at org.testng.TestRunner.privateRun(TestRunner.java:739)
	at org.testng.TestRunner.run(TestRunner.java:614)
	at org.testng.SuiteRunner.runTest(SuiteRunner.java:421)
	at org.testng.SuiteRunner.runSequentially(SuiteRunner.java:413)
	at org.testng.SuiteRunner.privateRun(SuiteRunner.java:373)
	at org.testng.SuiteRunner.run(SuiteRunner.java:312)
	at org.testng.SuiteRunnerWorker.runSuite(SuiteRunnerWorker.java:52)
	at org.testng.SuiteRunnerWorker.run(SuiteRunnerWorker.java:95)
	at org.testng.TestNG.runSuitesSequentially(TestNG.java:1274)
	at org.testng.TestNG.runSuitesLocally(TestNG.java:1208)
	at org.testng.TestNG.runSuites(TestNG.java:1112)
	at org.testng.TestNG.run(TestNG.java:1079)
	at org.testng.remote.AbstractRemoteTestNG.run(AbstractRemoteTestNG.java:115)
	at org.testng.remote.RemoteTestNG.initAndRun(RemoteTestNG.java:293)
	at org.testng.remote.RemoteTestNG.main(RemoteTestNG.java:91)
</pre></div></td>
<td>0</td>
<td>smoke_MasterModuleTestCases.Expense_Type@5505ae1a</td></tr>
</table><p>
</body>
</html>