<?xml version="1.0" encoding="UTF-8"?>
<!-- Generated by org.testng.reporters.JUnitXMLReporter -->
<testsuite ignored="0" hostname="ACRODSKAT41" failures="3" tests="13" name="Test" time="5.066" errors="0" timestamp="2024-11-04T17:17:51 IST">
  <testcase classname="smoke_MasterModuleTestCases.Expense_Type" name="testLogin" time="0.298">
    <failure type="java.lang.IllegalArgumentException" message="UserID cannot be null or empty.">
      <![CDATA[java.lang.IllegalArgumentException: UserID cannot be null or empty.
at projectUtilities.CommonUtils.login(CommonUtils.java:70)
at smoke_MasterModuleTestCases.Expense_Type.testLogin(Expense_Type.java:72)
at java.base/java.util.ArrayList.forEach(ArrayList.java:1596)
... Removed 25 stack frames]]>
    </failure>
  </testcase> <!-- testLogin -->
  <testcase classname="smoke_MasterModuleTestCases.Expense_Type" name="testNavigationToHomeScreen" time="0.0">
    <skipped/>
  </testcase> <!-- testNavigationToHomeScreen -->
  <testcase classname="smoke_MasterModuleTestCases.Expense_Type" name="testRedirectionToListScreen" time="0.238">
    <failure type="java.lang.AssertionError" message="User has not been navigated to the desired list screen successfully. expected [] but found [data:,]">
      <![CDATA[java.lang.AssertionError: User has not been navigated to the desired list screen successfully. expected [] but found [data:,]
at smoke_MasterModuleTestCases.Expense_Type.testRedirectionToListScreen(Expense_Type.java:112)
at java.base/java.util.ArrayList.forEach(ArrayList.java:1596)
... Removed 30 stack frames]]>
    </failure>
  </testcase> <!-- testRedirectionToListScreen -->
  <testcase classname="smoke_MasterModuleTestCases.Expense_Type" name="testNewExpenseTypeButton" time="0.247"/>
  <testcase classname="smoke_MasterModuleTestCases.Expense_Type" name="testSectorDropdown" time="0.201"/>
  <testcase classname="smoke_MasterModuleTestCases.Expense_Type" name="testExpenseTypeTextbox" time="0.167"/>
  <testcase classname="smoke_MasterModuleTestCases.Expense_Type" name="testDescriptionTextbox" time="0.158"/>
  <testcase classname="smoke_MasterModuleTestCases.Expense_Type" name="testAccountingExpenseCodeTextbox" time="0.165"/>
  <testcase classname="smoke_MasterModuleTestCases.Expense_Type" name="testAvailableToWorkerToggle" time="0.159"/>
  <testcase classname="smoke_MasterModuleTestCases.Expense_Type" name="testAmountToBeEnteredWithMspFeeToggle" time="0.144"/>
  <testcase classname="smoke_MasterModuleTestCases.Expense_Type" name="testNatureOfExpenseDropdown" time="0.145"/>
  <testcase classname="smoke_MasterModuleTestCases.Expense_Type" name="testClickSaveButton" time="0.156"/>
  <testcase classname="smoke_MasterModuleTestCases.Expense_Type" name="testToastMessageVerification" time="0.115">
    <failure type="java.lang.IllegalArgumentException" message="Locator not found in the map or is blank for key: toast">
      <![CDATA[java.lang.IllegalArgumentException: Locator not found in the map or is blank for key: toast
at projectUtilities.CommonUtils.getValidationMessageFromFieldOrToast(CommonUtils.java:594)
at smoke_MasterModuleTestCases.Expense_Type.testToastMessageVerification(Expense_Type.java:282)
at java.base/java.util.ArrayList.forEach(ArrayList.java:1596)
... Removed 25 stack frames]]>
    </failure>
  </testcase> <!-- testToastMessageVerification -->
</testsuite> <!-- Test -->
